2019-06-14 00:00:01,034 INFO 11045 [egg-logrotator] app logger reload: got log-reload message
2019-06-14 10:42:37,495 INFO 2579 [egg:logger] init all loggers with options: {"dir":"/Users/yhh/practice/egg-example/logs/egg-example","encoding":"utf8","env":"local","level":"INFO","consoleLevel":"INFO","disableConsoleAfterReady":false,"outputJSON":false,"buffer":true,"appLogName":"egg-example-web.log","coreLogName":"egg-web.log","agentLogName":"egg-agent.log","errorLogName":"common-error.log","coreLogger":{"consoleLevel":"WARN"},"allowDebugAtProd":false,"type":"application"}
2019-06-14 10:42:37,542 INFO 2579 [egg-multipart] stream mode enable
2019-06-14 10:42:37,624 INFO 2579 [egg-static] starting static serve /public/ -> /Users/yhh/practice/egg-example/app/public
2019-06-14 10:42:37,627 INFO 2579 [egg-security] use methodnoallow middleware
2019-06-14 10:42:37,628 INFO 2579 [egg-security] use noopen middleware
2019-06-14 10:42:37,628 INFO 2579 [egg-security] use nosniff middleware
2019-06-14 10:42:37,629 INFO 2579 [egg-security] use xssProtection middleware
2019-06-14 10:42:37,630 INFO 2579 [egg-security] use xframe middleware
2019-06-14 10:42:37,630 INFO 2579 [egg-security] use dta middleware
2019-06-14 10:42:37,630 INFO 2579 [egg-security] compose 6 middlewares into one security middleware
2019-06-14 10:42:37,647 INFO 2579 [egg:core] dump config after load, 6ms
2019-06-14 10:42:37,666 INFO 2579 [egg-watcher:application] watcher start success
2019-06-14 10:42:37,675 INFO 2579 [egg:core] dump config after ready, 5ms
2020-08-24 14:59:19,087 INFO 7375 [egg:logger] init all loggers with options: {"dir":"/Users/yhh/practice/egg-example/logs/egg-example","encoding":"utf8","env":"local","level":"INFO","consoleLevel":"INFO","disableConsoleAfterReady":false,"outputJSON":false,"buffer":true,"appLogName":"egg-example-web.log","coreLogName":"egg-web.log","agentLogName":"egg-agent.log","errorLogName":"common-error.log","coreLogger":{"consoleLevel":"WARN"},"allowDebugAtProd":false,"type":"application"}
2020-08-24 14:59:19,130 INFO 7375 [egg-multipart] stream mode enable
2020-08-24 14:59:19,225 INFO 7375 [egg-static] starting static serve /public/ -> /Users/yhh/practice/egg-example/app/public
2020-08-24 14:59:19,229 INFO 7375 [egg-security] use methodnoallow middleware
2020-08-24 14:59:19,230 INFO 7375 [egg-security] use noopen middleware
2020-08-24 14:59:19,231 INFO 7375 [egg-security] use nosniff middleware
2020-08-24 14:59:19,231 INFO 7375 [egg-security] use xssProtection middleware
2020-08-24 14:59:19,234 INFO 7375 [egg-security] use xframe middleware
2020-08-24 14:59:19,235 INFO 7375 [egg-security] use dta middleware
2020-08-24 14:59:19,235 INFO 7375 [egg-security] compose 6 middlewares into one security middleware
2020-08-24 14:59:19,264 INFO 7375 [egg:core] dump config after load, 9ms
2020-08-24 14:59:19,293 INFO 7375 [egg-watcher:application] watcher start success
2020-08-24 14:59:19,304 INFO 7375 [egg:core] dump config after ready, 9ms
2020-08-24 16:16:41,158 WARN 7375 [ClusterClient:Watcher] follower closed, and try to init it again
2020-08-24 16:35:17,803 INFO 9596 [egg:logger] init all loggers with options: {"dir":"/Users/yhh/practice/egg-example/logs/egg-example","encoding":"utf8","env":"local","level":"INFO","consoleLevel":"INFO","disableConsoleAfterReady":false,"outputJSON":false,"buffer":true,"appLogName":"egg-example-web.log","coreLogName":"egg-web.log","agentLogName":"egg-agent.log","errorLogName":"common-error.log","coreLogger":{"consoleLevel":"WARN"},"allowDebugAtProd":false,"type":"application"}
2020-08-24 16:35:17,829 INFO 9596 [egg-multipart] stream mode enable
2020-08-24 16:35:17,901 INFO 9596 [egg-static] starting static serve /public/ -> /Users/yhh/practice/egg-example/app/public
2020-08-24 16:35:17,904 INFO 9596 [egg-security] use methodnoallow middleware
2020-08-24 16:35:17,904 INFO 9596 [egg-security] use noopen middleware
2020-08-24 16:35:17,905 INFO 9596 [egg-security] use nosniff middleware
2020-08-24 16:35:17,906 INFO 9596 [egg-security] use xssProtection middleware
2020-08-24 16:35:17,906 INFO 9596 [egg-security] use xframe middleware
2020-08-24 16:35:17,907 INFO 9596 [egg-security] use dta middleware
2020-08-24 16:35:17,907 INFO 9596 [egg-security] compose 6 middlewares into one security middleware
2020-08-24 16:35:17,924 INFO 9596 [egg:core] dump config after load, 7ms
2020-08-24 16:35:17,941 INFO 9596 [egg-watcher:application] watcher start success
2020-08-24 16:35:17,949 INFO 9596 [egg:core] dump config after ready, 6ms
2020-08-25 15:41:33,416 INFO 9099 [egg:logger] init all loggers with options: {"dir":"/Users/yhh/practice/egg-example/logs/egg-example","encoding":"utf8","env":"local","level":"INFO","consoleLevel":"INFO","disableConsoleAfterReady":false,"outputJSON":false,"buffer":true,"appLogName":"egg-example-web.log","coreLogName":"egg-web.log","agentLogName":"egg-agent.log","errorLogName":"common-error.log","coreLogger":{"consoleLevel":"WARN"},"allowDebugAtProd":false,"type":"application"}
2020-08-25 15:41:33,450 INFO 9099 [egg-multipart] stream mode enable
2020-08-25 15:41:33,536 INFO 9099 [egg-static] starting static serve /public/ -> /Users/yhh/practice/egg-example/app/public
2020-08-25 15:41:33,540 INFO 9099 [egg-security] use methodnoallow middleware
2020-08-25 15:41:33,541 INFO 9099 [egg-security] use noopen middleware
2020-08-25 15:41:33,544 INFO 9099 [egg-security] use nosniff middleware
2020-08-25 15:41:33,544 INFO 9099 [egg-security] use xssProtection middleware
2020-08-25 15:41:33,545 INFO 9099 [egg-security] use xframe middleware
2020-08-25 15:41:33,546 INFO 9099 [egg-security] use dta middleware
2020-08-25 15:41:33,546 INFO 9099 [egg-security] compose 6 middlewares into one security middleware
2020-08-25 15:41:33,573 INFO 9099 [egg:core] dump config after load, 13ms
2020-08-25 15:41:33,606 INFO 9099 [egg-watcher:application] watcher start success
2020-08-25 15:41:33,619 INFO 9099 [egg:core] dump config after ready, 7ms
2020-08-25 15:42:12,246 INFO 9099 [egg-view-nunjucks] loading templates from ["/Users/yhh/practice/egg-example/app/view"]
2020-08-25 15:44:30,755 INFO 9190 [egg:logger] init all loggers with options: {"dir":"/Users/yhh/practice/egg-example/logs/egg-example","encoding":"utf8","env":"local","level":"INFO","consoleLevel":"INFO","disableConsoleAfterReady":false,"outputJSON":false,"buffer":true,"appLogName":"egg-example-web.log","coreLogName":"egg-web.log","agentLogName":"egg-agent.log","errorLogName":"common-error.log","coreLogger":{"consoleLevel":"WARN"},"allowDebugAtProd":false,"type":"application"}
2020-08-25 15:44:30,802 INFO 9190 [egg-multipart] stream mode enable
2020-08-25 15:44:30,881 INFO 9190 [egg-static] starting static serve /public/ -> /Users/yhh/practice/egg-example/app/public
2020-08-25 15:44:30,884 INFO 9190 [egg-security] use methodnoallow middleware
2020-08-25 15:44:30,885 INFO 9190 [egg-security] use noopen middleware
2020-08-25 15:44:30,885 INFO 9190 [egg-security] use nosniff middleware
2020-08-25 15:44:30,886 INFO 9190 [egg-security] use xssProtection middleware
2020-08-25 15:44:30,886 INFO 9190 [egg-security] use xframe middleware
2020-08-25 15:44:30,887 INFO 9190 [egg-security] use dta middleware
2020-08-25 15:44:30,887 INFO 9190 [egg-security] compose 6 middlewares into one security middleware
2020-08-25 15:44:30,906 INFO 9190 [egg:core] dump config after load, 7ms
2020-08-25 15:44:30,926 INFO 9190 [egg-watcher:application] watcher start success
2020-08-25 15:44:30,934 INFO 9190 [egg:core] dump config after ready, 5ms
2020-08-25 15:45:30,047 INFO 9218 [egg:logger] init all loggers with options: {"dir":"/Users/yhh/practice/egg-example/logs/egg-example","encoding":"utf8","env":"local","level":"INFO","consoleLevel":"INFO","disableConsoleAfterReady":false,"outputJSON":false,"buffer":true,"appLogName":"egg-example-web.log","coreLogName":"egg-web.log","agentLogName":"egg-agent.log","errorLogName":"common-error.log","coreLogger":{"consoleLevel":"WARN"},"allowDebugAtProd":false,"type":"application"}
2020-08-25 15:45:30,086 INFO 9218 [egg-multipart] stream mode enable
2020-08-25 15:45:30,153 INFO 9218 [egg-static] starting static serve /public/ -> /Users/yhh/practice/egg-example/app/public
2020-08-25 15:45:30,156 INFO 9218 [egg-security] use methodnoallow middleware
2020-08-25 15:45:30,157 INFO 9218 [egg-security] use noopen middleware
2020-08-25 15:45:30,157 INFO 9218 [egg-security] use nosniff middleware
2020-08-25 15:45:30,158 INFO 9218 [egg-security] use xssProtection middleware
2020-08-25 15:45:30,159 INFO 9218 [egg-security] use xframe middleware
2020-08-25 15:45:30,160 INFO 9218 [egg-security] use dta middleware
2020-08-25 15:45:30,160 INFO 9218 [egg-security] compose 6 middlewares into one security middleware
2020-08-25 15:45:30,175 INFO 9218 [egg:core] dump config after load, 6ms
2020-08-25 15:45:30,186 INFO 9218 [egg-watcher:application] watcher start success
2020-08-25 15:45:30,193 INFO 9218 [egg:core] dump config after ready, 5ms
2020-08-25 15:46:36,762 INFO 9249 [egg:logger] init all loggers with options: {"dir":"/Users/yhh/practice/egg-example/logs/egg-example","encoding":"utf8","env":"local","level":"INFO","consoleLevel":"INFO","disableConsoleAfterReady":false,"outputJSON":false,"buffer":true,"appLogName":"egg-example-web.log","coreLogName":"egg-web.log","agentLogName":"egg-agent.log","errorLogName":"common-error.log","coreLogger":{"consoleLevel":"WARN"},"allowDebugAtProd":false,"type":"application"}
2020-08-25 15:46:36,796 INFO 9249 [egg-multipart] stream mode enable
2020-08-25 15:46:36,880 INFO 9249 [egg-static] starting static serve /public/ -> /Users/yhh/practice/egg-example/app/public
2020-08-25 15:46:36,884 INFO 9249 [egg-security] use methodnoallow middleware
2020-08-25 15:46:36,885 INFO 9249 [egg-security] use noopen middleware
2020-08-25 15:46:36,886 INFO 9249 [egg-security] use nosniff middleware
2020-08-25 15:46:36,887 INFO 9249 [egg-security] use xssProtection middleware
2020-08-25 15:46:36,888 INFO 9249 [egg-security] use xframe middleware
2020-08-25 15:46:36,889 INFO 9249 [egg-security] use dta middleware
2020-08-25 15:46:36,889 INFO 9249 [egg-security] compose 6 middlewares into one security middleware
2020-08-25 15:46:36,907 INFO 9249 [egg:core] dump config after load, 7ms
2020-08-25 15:46:36,922 INFO 9249 [egg-watcher:application] watcher start success
2020-08-25 15:46:36,930 INFO 9249 [egg:core] dump config after ready, 6ms
2020-08-25 15:56:58,684 INFO 9484 [egg:logger] init all loggers with options: {"dir":"/Users/yhh/practice/egg-example/logs/egg-example","encoding":"utf8","env":"local","level":"INFO","consoleLevel":"INFO","disableConsoleAfterReady":false,"outputJSON":false,"buffer":true,"appLogName":"egg-example-web.log","coreLogName":"egg-web.log","agentLogName":"egg-agent.log","errorLogName":"common-error.log","coreLogger":{"consoleLevel":"WARN"},"allowDebugAtProd":false,"type":"application"}
2020-08-25 15:56:58,737 INFO 9484 [egg-multipart] stream mode enable
2020-08-25 15:56:58,822 INFO 9484 [egg-static] starting static serve /public/ -> /Users/yhh/practice/egg-example/app/public
2020-08-25 15:56:58,824 INFO 9484 [egg-security] use methodnoallow middleware
2020-08-25 15:56:58,825 INFO 9484 [egg-security] use noopen middleware
2020-08-25 15:56:58,826 INFO 9484 [egg-security] use nosniff middleware
2020-08-25 15:56:58,826 INFO 9484 [egg-security] use xssProtection middleware
2020-08-25 15:56:58,827 INFO 9484 [egg-security] use xframe middleware
2020-08-25 15:56:58,828 INFO 9484 [egg-security] use dta middleware
2020-08-25 15:56:58,828 INFO 9484 [egg-security] compose 6 middlewares into one security middleware
2020-08-25 15:56:58,845 INFO 9484 [egg:core] dump config after load, 7ms
2020-08-25 15:56:58,859 INFO 9484 [egg-watcher:application] watcher start success
2020-08-25 15:56:58,865 INFO 9484 [egg:core] dump config after ready, 4ms
2020-08-25 15:57:05,083 INFO 9495 [egg:logger] init all loggers with options: {"dir":"/Users/yhh/practice/egg-example/logs/egg-example","encoding":"utf8","env":"local","level":"INFO","consoleLevel":"INFO","disableConsoleAfterReady":false,"outputJSON":false,"buffer":true,"appLogName":"egg-example-web.log","coreLogName":"egg-web.log","agentLogName":"egg-agent.log","errorLogName":"common-error.log","coreLogger":{"consoleLevel":"WARN"},"allowDebugAtProd":false,"type":"application"}
2020-08-25 15:57:05,122 INFO 9495 [egg-multipart] stream mode enable
2020-08-25 15:57:05,189 INFO 9495 [egg-static] starting static serve /public/ -> /Users/yhh/practice/egg-example/app/public
2020-08-25 15:57:05,192 INFO 9495 [egg-security] use methodnoallow middleware
2020-08-25 15:57:05,193 INFO 9495 [egg-security] use noopen middleware
2020-08-25 15:57:05,194 INFO 9495 [egg-security] use nosniff middleware
2020-08-25 15:57:05,194 INFO 9495 [egg-security] use xssProtection middleware
2020-08-25 15:57:05,195 INFO 9495 [egg-security] use xframe middleware
2020-08-25 15:57:05,196 INFO 9495 [egg-security] use dta middleware
2020-08-25 15:57:05,196 INFO 9495 [egg-security] compose 6 middlewares into one security middleware
2020-08-25 15:57:05,214 INFO 9495 [egg:core] dump config after load, 7ms
2020-08-25 15:57:05,226 INFO 9495 [egg-watcher:application] watcher start success
2020-08-25 15:57:05,232 INFO 9495 [egg:core] dump config after ready, 4ms
2020-08-25 16:00:26,413 INFO 9579 [egg:logger] init all loggers with options: {"dir":"/Users/yhh/practice/egg-example/logs/egg-example","encoding":"utf8","env":"local","level":"INFO","consoleLevel":"INFO","disableConsoleAfterReady":false,"outputJSON":false,"buffer":true,"appLogName":"egg-example-web.log","coreLogName":"egg-web.log","agentLogName":"egg-agent.log","errorLogName":"common-error.log","coreLogger":{"consoleLevel":"WARN"},"allowDebugAtProd":false,"type":"application"}
2020-08-25 16:00:26,445 INFO 9579 [egg-multipart] stream mode enable
2020-08-25 16:00:26,514 INFO 9579 [egg-static] starting static serve /public/ -> /Users/yhh/practice/egg-example/app/public
2020-08-25 16:00:26,516 INFO 9579 [egg-security] use methodnoallow middleware
2020-08-25 16:00:26,517 INFO 9579 [egg-security] use noopen middleware
2020-08-25 16:00:26,518 INFO 9579 [egg-security] use nosniff middleware
2020-08-25 16:00:26,519 INFO 9579 [egg-security] use xssProtection middleware
2020-08-25 16:00:26,520 INFO 9579 [egg-security] use xframe middleware
2020-08-25 16:00:26,520 INFO 9579 [egg-security] use dta middleware
2020-08-25 16:00:26,520 INFO 9579 [egg-security] compose 6 middlewares into one security middleware
2020-08-25 16:00:26,541 INFO 9579 [egg:core] dump config after load, 9ms
2020-08-25 16:00:26,552 INFO 9579 [egg-watcher:application] watcher start success
2020-08-25 16:00:26,561 INFO 9579 [egg:core] dump config after ready, 7ms
2020-08-25 16:00:30,454 INFO 9583 [egg:logger] init all loggers with options: {"dir":"/Users/yhh/practice/egg-example/logs/egg-example","encoding":"utf8","env":"local","level":"INFO","consoleLevel":"INFO","disableConsoleAfterReady":false,"outputJSON":false,"buffer":true,"appLogName":"egg-example-web.log","coreLogName":"egg-web.log","agentLogName":"egg-agent.log","errorLogName":"common-error.log","coreLogger":{"consoleLevel":"WARN"},"allowDebugAtProd":false,"type":"application"}
2020-08-25 16:00:30,493 INFO 9583 [egg-multipart] stream mode enable
2020-08-25 16:00:30,535 INFO 9583 [egg-static] starting static serve /public/ -> /Users/yhh/practice/egg-example/app/public
2020-08-25 16:00:30,539 INFO 9583 [egg-security] use methodnoallow middleware
2020-08-25 16:00:30,539 INFO 9583 [egg-security] use noopen middleware
2020-08-25 16:00:30,541 INFO 9583 [egg-security] use nosniff middleware
2020-08-25 16:00:30,541 INFO 9583 [egg-security] use xssProtection middleware
2020-08-25 16:00:30,542 INFO 9583 [egg-security] use xframe middleware
2020-08-25 16:00:30,542 INFO 9583 [egg-security] use dta middleware
2020-08-25 16:00:30,542 INFO 9583 [egg-security] compose 6 middlewares into one security middleware
2020-08-25 16:00:30,561 INFO 9583 [egg:core] dump config after load, 6ms
2020-08-25 16:00:30,575 INFO 9583 [egg-watcher:application] watcher start success
2020-08-25 16:00:30,581 INFO 9583 [egg:core] dump config after ready, 4ms
2020-08-25 16:10:42,081 INFO 10054 [egg:logger] init all loggers with options: {"dir":"/Users/yhh/practice/egg-example/logs/egg-example","encoding":"utf8","env":"local","level":"INFO","consoleLevel":"INFO","disableConsoleAfterReady":false,"outputJSON":false,"buffer":true,"appLogName":"egg-example-web.log","coreLogName":"egg-web.log","agentLogName":"egg-agent.log","errorLogName":"common-error.log","coreLogger":{"consoleLevel":"WARN"},"allowDebugAtProd":false,"type":"application"}
2020-08-25 16:10:42,109 INFO 10054 [egg-multipart] stream mode enable
2020-08-25 16:10:42,198 INFO 10054 [egg-static] starting static serve /public/ -> /Users/yhh/practice/egg-example/app/public
2020-08-25 16:10:42,200 INFO 10054 [egg-security] use methodnoallow middleware
2020-08-25 16:10:42,201 INFO 10054 [egg-security] use noopen middleware
2020-08-25 16:10:42,202 INFO 10054 [egg-security] use nosniff middleware
2020-08-25 16:10:42,203 INFO 10054 [egg-security] use xssProtection middleware
2020-08-25 16:10:42,204 INFO 10054 [egg-security] use xframe middleware
2020-08-25 16:10:42,205 INFO 10054 [egg-security] use dta middleware
2020-08-25 16:10:42,205 INFO 10054 [egg-security] compose 6 middlewares into one security middleware
2020-08-25 16:10:42,225 INFO 10054 [egg:core] dump config after load, 6ms
2020-08-25 16:10:42,239 INFO 10054 [egg-watcher:application] watcher start success
2020-08-25 16:10:42,246 INFO 10054 [egg:core] dump config after ready, 5ms
2020-08-25 16:50:46,444 INFO 13385 [egg:logger] init all loggers with options: {"dir":"/Users/yhh/practice/egg-example/logs/egg-example","encoding":"utf8","env":"local","level":"INFO","consoleLevel":"INFO","disableConsoleAfterReady":false,"outputJSON":false,"buffer":true,"appLogName":"egg-example-web.log","coreLogName":"egg-web.log","agentLogName":"egg-agent.log","errorLogName":"common-error.log","coreLogger":{"consoleLevel":"WARN"},"allowDebugAtProd":false,"type":"application"}
2020-08-25 16:50:46,481 INFO 13385 [egg-multipart] stream mode enable
2020-08-25 16:50:46,589 INFO 13385 [egg-static] starting static serve /public/ -> /Users/yhh/practice/egg-example/app/public
2020-08-25 16:50:46,593 INFO 13385 [egg-security] use methodnoallow middleware
2020-08-25 16:50:46,594 INFO 13385 [egg-security] use noopen middleware
2020-08-25 16:50:46,595 INFO 13385 [egg-security] use nosniff middleware
2020-08-25 16:50:46,595 INFO 13385 [egg-security] use xssProtection middleware
2020-08-25 16:50:46,596 INFO 13385 [egg-security] use xframe middleware
2020-08-25 16:50:46,597 INFO 13385 [egg-security] use dta middleware
2020-08-25 16:50:46,597 INFO 13385 [egg-security] compose 6 middlewares into one security middleware
2020-08-25 16:50:46,620 INFO 13385 [egg:core] dump config after load, 6ms
2020-08-25 16:50:46,632 INFO 13385 [egg-watcher:application] watcher start success
2020-08-25 16:50:46,638 INFO 13385 [egg:core] dump config after ready, 4ms
2020-08-25 16:50:52,139 INFO 13397 [egg:logger] init all loggers with options: {"dir":"/Users/yhh/practice/egg-example/logs/egg-example","encoding":"utf8","env":"local","level":"INFO","consoleLevel":"INFO","disableConsoleAfterReady":false,"outputJSON":false,"buffer":true,"appLogName":"egg-example-web.log","coreLogName":"egg-web.log","agentLogName":"egg-agent.log","errorLogName":"common-error.log","coreLogger":{"consoleLevel":"WARN"},"allowDebugAtProd":false,"type":"application"}
2020-08-25 16:50:52,172 INFO 13397 [egg-multipart] stream mode enable
2020-08-25 16:50:52,261 INFO 13397 [egg-static] starting static serve /public/ -> /Users/yhh/practice/egg-example/app/public
2020-08-25 16:50:52,265 INFO 13397 [egg-security] use methodnoallow middleware
2020-08-25 16:50:52,266 INFO 13397 [egg-security] use noopen middleware
2020-08-25 16:50:52,267 INFO 13397 [egg-security] use nosniff middleware
2020-08-25 16:50:52,268 INFO 13397 [egg-security] use xssProtection middleware
2020-08-25 16:50:52,270 INFO 13397 [egg-security] use xframe middleware
2020-08-25 16:50:52,270 INFO 13397 [egg-security] use dta middleware
2020-08-25 16:50:52,270 INFO 13397 [egg-security] compose 6 middlewares into one security middleware
2020-08-25 16:50:52,288 INFO 13397 [egg:core] dump config after load, 6ms
2020-08-25 16:50:52,301 INFO 13397 [egg-watcher:application] watcher start success
2020-08-25 16:50:52,307 INFO 13397 [egg:core] dump config after ready, 4ms
2020-08-25 16:52:41,380 INFO 13463 [egg:logger] init all loggers with options: {"dir":"/Users/yhh/practice/egg-example/logs/egg-example","encoding":"utf8","env":"local","level":"INFO","consoleLevel":"INFO","disableConsoleAfterReady":false,"outputJSON":false,"buffer":true,"appLogName":"egg-example-web.log","coreLogName":"egg-web.log","agentLogName":"egg-agent.log","errorLogName":"common-error.log","coreLogger":{"consoleLevel":"WARN"},"allowDebugAtProd":false,"type":"application"}
2020-08-25 16:52:41,419 INFO 13463 [egg-multipart] stream mode enable
2020-08-25 16:52:41,468 INFO 13463 [egg-static] starting static serve /public/ -> /Users/yhh/practice/egg-example/app/public
2020-08-25 16:52:41,470 INFO 13463 [egg-security] use methodnoallow middleware
2020-08-25 16:52:41,471 INFO 13463 [egg-security] use noopen middleware
2020-08-25 16:52:41,475 INFO 13463 [egg-security] use nosniff middleware
2020-08-25 16:52:41,477 INFO 13463 [egg-security] use xssProtection middleware
2020-08-25 16:52:41,478 INFO 13463 [egg-security] use xframe middleware
2020-08-25 16:52:41,478 INFO 13463 [egg-security] use dta middleware
2020-08-25 16:52:41,478 INFO 13463 [egg-security] compose 6 middlewares into one security middleware
2020-08-25 16:52:41,497 INFO 13463 [egg:core] dump config after load, 5ms
2020-08-25 16:52:41,514 INFO 13463 [egg-watcher:application] watcher start success
2020-08-25 16:52:41,522 INFO 13463 [egg:core] dump config after ready, 6ms
2020-08-25 17:09:24,259 INFO 13882 [egg:logger] init all loggers with options: {"dir":"/Users/yhh/practice/egg-example/logs/egg-example","encoding":"utf8","env":"local","level":"INFO","consoleLevel":"INFO","disableConsoleAfterReady":false,"outputJSON":false,"buffer":true,"appLogName":"egg-example-web.log","coreLogName":"egg-web.log","agentLogName":"egg-agent.log","errorLogName":"common-error.log","coreLogger":{"consoleLevel":"WARN"},"allowDebugAtProd":false,"type":"application"}
2020-08-25 17:09:24,299 INFO 13882 [egg-multipart] stream mode enable
2020-08-25 17:09:24,422 INFO 13882 [egg-static] starting static serve /public/ -> /Users/yhh/practice/egg-example/app/public
2020-08-25 17:09:24,425 INFO 13882 [egg-security] use methodnoallow middleware
2020-08-25 17:09:24,426 INFO 13882 [egg-security] use noopen middleware
2020-08-25 17:09:24,428 INFO 13882 [egg-security] use nosniff middleware
2020-08-25 17:09:24,429 INFO 13882 [egg-security] use xssProtection middleware
2020-08-25 17:09:24,430 INFO 13882 [egg-security] use xframe middleware
2020-08-25 17:09:24,430 INFO 13882 [egg-security] use dta middleware
2020-08-25 17:09:24,430 INFO 13882 [egg-security] compose 6 middlewares into one security middleware
2020-08-25 17:09:24,452 INFO 13882 [egg:core] dump config after load, 9ms
2020-08-25 17:09:24,465 INFO 13882 [egg-watcher:application] watcher start success
2020-08-25 17:09:24,471 INFO 13882 [egg:core] dump config after ready, 4ms
2020-08-25 17:09:53,022 INFO 13896 [egg:logger] init all loggers with options: {"dir":"/Users/yhh/practice/egg-example/logs/egg-example","encoding":"utf8","env":"local","level":"INFO","consoleLevel":"INFO","disableConsoleAfterReady":false,"outputJSON":false,"buffer":true,"appLogName":"egg-example-web.log","coreLogName":"egg-web.log","agentLogName":"egg-agent.log","errorLogName":"common-error.log","coreLogger":{"consoleLevel":"WARN"},"allowDebugAtProd":false,"type":"application"}
2020-08-25 17:09:53,057 INFO 13896 [egg-multipart] stream mode enable
2020-08-25 17:09:53,145 INFO 13896 [egg-static] starting static serve /public/ -> /Users/yhh/practice/egg-example/app/public
2020-08-25 17:09:53,148 INFO 13896 [egg-security] use methodnoallow middleware
2020-08-25 17:09:53,149 INFO 13896 [egg-security] use noopen middleware
2020-08-25 17:09:53,150 INFO 13896 [egg-security] use nosniff middleware
2020-08-25 17:09:53,150 INFO 13896 [egg-security] use xssProtection middleware
2020-08-25 17:09:53,151 INFO 13896 [egg-security] use xframe middleware
2020-08-25 17:09:53,152 INFO 13896 [egg-security] use dta middleware
2020-08-25 17:09:53,152 INFO 13896 [egg-security] compose 6 middlewares into one security middleware
2020-08-25 17:09:53,174 INFO 13896 [egg:core] dump config after load, 8ms
2020-08-25 17:09:53,189 INFO 13896 [egg-watcher:application] watcher start success
2020-08-25 17:09:53,199 INFO 13896 [egg:core] dump config after ready, 7ms
2020-08-25 17:10:20,538 INFO 13906 [egg:logger] init all loggers with options: {"dir":"/Users/yhh/practice/egg-example/logs/egg-example","encoding":"utf8","env":"local","level":"INFO","consoleLevel":"INFO","disableConsoleAfterReady":false,"outputJSON":false,"buffer":true,"appLogName":"egg-example-web.log","coreLogName":"egg-web.log","agentLogName":"egg-agent.log","errorLogName":"common-error.log","coreLogger":{"consoleLevel":"WARN"},"allowDebugAtProd":false,"type":"application"}
2020-08-25 17:10:20,570 INFO 13906 [egg-multipart] stream mode enable
2020-08-25 17:10:20,641 INFO 13906 [egg-static] starting static serve /public/ -> /Users/yhh/practice/egg-example/app/public
2020-08-25 17:10:20,644 INFO 13906 [egg-security] use methodnoallow middleware
2020-08-25 17:10:20,645 INFO 13906 [egg-security] use noopen middleware
2020-08-25 17:10:20,646 INFO 13906 [egg-security] use nosniff middleware
2020-08-25 17:10:20,646 INFO 13906 [egg-security] use xssProtection middleware
2020-08-25 17:10:20,647 INFO 13906 [egg-security] use xframe middleware
2020-08-25 17:10:20,648 INFO 13906 [egg-security] use dta middleware
2020-08-25 17:10:20,648 INFO 13906 [egg-security] compose 6 middlewares into one security middleware
2020-08-25 17:10:20,667 INFO 13906 [egg:core] dump config after load, 6ms
2020-08-25 17:10:20,680 INFO 13906 [egg-watcher:application] watcher start success
2020-08-25 17:10:20,688 INFO 13906 [egg:core] dump config after ready, 4ms
2020-08-25 17:11:30,790 INFO 13939 [egg:logger] init all loggers with options: {"dir":"/Users/yhh/practice/egg-example/logs/egg-example","encoding":"utf8","env":"local","level":"INFO","consoleLevel":"INFO","disableConsoleAfterReady":false,"outputJSON":false,"buffer":true,"appLogName":"egg-example-web.log","coreLogName":"egg-web.log","agentLogName":"egg-agent.log","errorLogName":"common-error.log","coreLogger":{"consoleLevel":"WARN"},"allowDebugAtProd":false,"type":"application"}
2020-08-25 17:11:30,826 INFO 13939 [egg-multipart] stream mode enable
2020-08-25 17:11:30,991 INFO 13939 [egg-static] starting static serve /public/ -> /Users/yhh/practice/egg-example/app/public
2020-08-25 17:11:31,009 INFO 13939 [egg-security] use methodnoallow middleware
2020-08-25 17:11:31,010 INFO 13939 [egg-security] use noopen middleware
2020-08-25 17:11:31,012 INFO 13939 [egg-security] use nosniff middleware
2020-08-25 17:11:31,013 INFO 13939 [egg-security] use xssProtection middleware
2020-08-25 17:11:31,016 INFO 13939 [egg-security] use xframe middleware
2020-08-25 17:11:31,017 INFO 13939 [egg-security] use dta middleware
2020-08-25 17:11:31,017 INFO 13939 [egg-security] compose 6 middlewares into one security middleware
2020-08-25 17:11:31,041 INFO 13939 [egg:core] dump config after load, 9ms
2020-08-25 17:11:31,055 INFO 13939 [egg-watcher:application] watcher start success
2020-08-25 17:11:31,060 INFO 13939 [egg:core] dump config after ready, 3ms
2020-08-25 17:14:37,410 INFO 14021 [egg:logger] init all loggers with options: {"dir":"/Users/yhh/practice/egg-example/logs/egg-example","encoding":"utf8","env":"local","level":"INFO","consoleLevel":"INFO","disableConsoleAfterReady":false,"outputJSON":false,"buffer":true,"appLogName":"egg-example-web.log","coreLogName":"egg-web.log","agentLogName":"egg-agent.log","errorLogName":"common-error.log","coreLogger":{"consoleLevel":"WARN"},"allowDebugAtProd":false,"type":"application"}
2020-08-25 17:14:37,449 INFO 14021 [egg-multipart] stream mode enable
2020-08-25 17:14:37,542 INFO 14021 [egg-static] starting static serve /public/ -> /Users/yhh/practice/egg-example/app/public
2020-08-25 17:14:37,547 INFO 14021 [egg-security] use methodnoallow middleware
2020-08-25 17:14:37,548 INFO 14021 [egg-security] use noopen middleware
2020-08-25 17:14:37,549 INFO 14021 [egg-security] use nosniff middleware
2020-08-25 17:14:37,550 INFO 14021 [egg-security] use xssProtection middleware
2020-08-25 17:14:37,551 INFO 14021 [egg-security] use xframe middleware
2020-08-25 17:14:37,552 INFO 14021 [egg-security] use dta middleware
2020-08-25 17:14:37,553 INFO 14021 [egg-security] compose 6 middlewares into one security middleware
2020-08-25 17:14:37,576 INFO 14021 [egg:core] dump config after load, 9ms
2020-08-25 17:14:37,590 INFO 14021 [egg-watcher:application] watcher start success
2020-08-25 17:14:37,597 INFO 14021 [egg:core] dump config after ready, 4ms
2020-08-25 17:15:56,022 INFO 14055 [egg:logger] init all loggers with options: {"dir":"/Users/yhh/practice/egg-example/logs/egg-example","encoding":"utf8","env":"local","level":"INFO","consoleLevel":"INFO","disableConsoleAfterReady":false,"outputJSON":false,"buffer":true,"appLogName":"egg-example-web.log","coreLogName":"egg-web.log","agentLogName":"egg-agent.log","errorLogName":"common-error.log","coreLogger":{"consoleLevel":"WARN"},"allowDebugAtProd":false,"type":"application"}
2020-08-25 17:15:56,056 INFO 14055 [egg-multipart] stream mode enable
2020-08-25 17:15:56,158 INFO 14055 [egg-static] starting static serve /public/ -> /Users/yhh/practice/egg-example/app/public
2020-08-25 17:15:56,161 INFO 14055 [egg-security] use methodnoallow middleware
2020-08-25 17:15:56,162 INFO 14055 [egg-security] use noopen middleware
2020-08-25 17:15:56,163 INFO 14055 [egg-security] use nosniff middleware
2020-08-25 17:15:56,164 INFO 14055 [egg-security] use xssProtection middleware
2020-08-25 17:15:56,165 INFO 14055 [egg-security] use xframe middleware
2020-08-25 17:15:56,166 INFO 14055 [egg-security] use dta middleware
2020-08-25 17:15:56,166 INFO 14055 [egg-security] compose 6 middlewares into one security middleware
2020-08-25 17:15:56,185 INFO 14055 [egg:core] dump config after load, 8ms
2020-08-25 17:15:56,198 INFO 14055 [egg-watcher:application] watcher start success
2020-08-25 17:15:56,207 INFO 14055 [egg:core] dump config after ready, 7ms
2020-08-25 17:16:24,841 INFO 14071 [egg:logger] init all loggers with options: {"dir":"/Users/yhh/practice/egg-example/logs/egg-example","encoding":"utf8","env":"local","level":"INFO","consoleLevel":"INFO","disableConsoleAfterReady":false,"outputJSON":false,"buffer":true,"appLogName":"egg-example-web.log","coreLogName":"egg-web.log","agentLogName":"egg-agent.log","errorLogName":"common-error.log","coreLogger":{"consoleLevel":"WARN"},"allowDebugAtProd":false,"type":"application"}
2020-08-25 17:16:24,876 INFO 14071 [egg-multipart] stream mode enable
2020-08-25 17:16:24,966 INFO 14071 [egg-static] starting static serve /public/ -> /Users/yhh/practice/egg-example/app/public
2020-08-25 17:16:24,970 INFO 14071 [egg-security] use methodnoallow middleware
2020-08-25 17:16:24,971 INFO 14071 [egg-security] use noopen middleware
2020-08-25 17:16:24,973 INFO 14071 [egg-security] use nosniff middleware
2020-08-25 17:16:24,974 INFO 14071 [egg-security] use xssProtection middleware
2020-08-25 17:16:24,975 INFO 14071 [egg-security] use xframe middleware
2020-08-25 17:16:24,976 INFO 14071 [egg-security] use dta middleware
2020-08-25 17:16:24,976 INFO 14071 [egg-security] compose 6 middlewares into one security middleware
2020-08-25 17:16:25,000 INFO 14071 [egg:core] dump config after load, 9ms
2020-08-25 17:16:25,024 INFO 14071 [egg-watcher:application] watcher start success
2020-08-25 17:16:25,039 INFO 14071 [egg:core] dump config after ready, 10ms
2020-08-25 17:16:39,745 INFO 14079 [egg:logger] init all loggers with options: {"dir":"/Users/yhh/practice/egg-example/logs/egg-example","encoding":"utf8","env":"local","level":"INFO","consoleLevel":"INFO","disableConsoleAfterReady":false,"outputJSON":false,"buffer":true,"appLogName":"egg-example-web.log","coreLogName":"egg-web.log","agentLogName":"egg-agent.log","errorLogName":"common-error.log","coreLogger":{"consoleLevel":"WARN"},"allowDebugAtProd":false,"type":"application"}
2020-08-25 17:16:39,777 INFO 14079 [egg-multipart] stream mode enable
2020-08-25 17:16:39,814 INFO 14079 [egg-static] starting static serve /public/ -> /Users/yhh/practice/egg-example/app/public
2020-08-25 17:16:39,817 INFO 14079 [egg-security] use methodnoallow middleware
2020-08-25 17:16:39,817 INFO 14079 [egg-security] use noopen middleware
2020-08-25 17:16:39,818 INFO 14079 [egg-security] use nosniff middleware
2020-08-25 17:16:39,818 INFO 14079 [egg-security] use xssProtection middleware
2020-08-25 17:16:39,818 INFO 14079 [egg-security] use xframe middleware
2020-08-25 17:16:39,819 INFO 14079 [egg-security] use dta middleware
2020-08-25 17:16:39,819 INFO 14079 [egg-security] compose 6 middlewares into one security middleware
2020-08-25 17:16:39,833 INFO 14079 [egg:core] dump config after load, 7ms
2020-08-25 17:16:39,846 INFO 14079 [egg-watcher:application] watcher start success
2020-08-25 17:16:39,852 INFO 14079 [egg:core] dump config after ready, 4ms
2020-08-25 17:18:35,802 INFO 14118 [egg:logger] init all loggers with options: {"dir":"/Users/yhh/practice/egg-example/logs/egg-example","encoding":"utf8","env":"local","level":"INFO","consoleLevel":"INFO","disableConsoleAfterReady":false,"outputJSON":false,"buffer":true,"appLogName":"egg-example-web.log","coreLogName":"egg-web.log","agentLogName":"egg-agent.log","errorLogName":"common-error.log","coreLogger":{"consoleLevel":"WARN"},"allowDebugAtProd":false,"type":"application"}
2020-08-25 17:18:35,862 INFO 14118 [egg-multipart] stream mode enable
2020-08-25 17:18:36,071 INFO 14118 [egg-static] starting static serve /public/ -> /Users/yhh/practice/egg-example/app/public
2020-08-25 17:18:36,074 INFO 14118 [egg-security] use methodnoallow middleware
2020-08-25 17:18:36,075 INFO 14118 [egg-security] use noopen middleware
2020-08-25 17:18:36,075 INFO 14118 [egg-security] use nosniff middleware
2020-08-25 17:18:36,076 INFO 14118 [egg-security] use xssProtection middleware
2020-08-25 17:18:36,077 INFO 14118 [egg-security] use xframe middleware
2020-08-25 17:18:36,077 INFO 14118 [egg-security] use dta middleware
2020-08-25 17:18:36,077 INFO 14118 [egg-security] compose 6 middlewares into one security middleware
2020-08-25 17:18:36,119 INFO 14118 [egg:core] dump config after load, 13ms
2020-08-25 17:18:36,178 INFO 14118 [egg-watcher:application] watcher start success
2020-08-25 17:18:36,199 INFO 14118 [egg:core] dump config after ready, 15ms
2020-08-25 17:18:53,046 INFO 14130 [egg:logger] init all loggers with options: {"dir":"/Users/yhh/practice/egg-example/logs/egg-example","encoding":"utf8","env":"local","level":"INFO","consoleLevel":"INFO","disableConsoleAfterReady":false,"outputJSON":false,"buffer":true,"appLogName":"egg-example-web.log","coreLogName":"egg-web.log","agentLogName":"egg-agent.log","errorLogName":"common-error.log","coreLogger":{"consoleLevel":"WARN"},"allowDebugAtProd":false,"type":"application"}
2020-08-25 17:18:53,081 INFO 14130 [egg-multipart] stream mode enable
2020-08-25 17:18:53,149 INFO 14130 [egg-static] starting static serve /public/ -> /Users/yhh/practice/egg-example/app/public
2020-08-25 17:18:53,151 INFO 14130 [egg-security] use methodnoallow middleware
2020-08-25 17:18:53,152 INFO 14130 [egg-security] use noopen middleware
2020-08-25 17:18:53,152 INFO 14130 [egg-security] use nosniff middleware
2020-08-25 17:18:53,153 INFO 14130 [egg-security] use xssProtection middleware
2020-08-25 17:18:53,153 INFO 14130 [egg-security] use xframe middleware
2020-08-25 17:18:53,154 INFO 14130 [egg-security] use dta middleware
2020-08-25 17:18:53,154 INFO 14130 [egg-security] compose 6 middlewares into one security middleware
2020-08-25 17:18:53,173 INFO 14130 [egg:core] dump config after load, 5ms
2020-08-25 17:18:53,184 INFO 14130 [egg-watcher:application] watcher start success
2020-08-25 17:18:53,190 INFO 14130 [egg:core] dump config after ready, 4ms
2020-09-03 17:55:08,446 INFO 28173 [egg:logger] init all loggers with options: {"dir":"/Users/yhh/practice/egg-example/logs/egg-example","encoding":"utf8","env":"local","level":"INFO","consoleLevel":"INFO","disableConsoleAfterReady":false,"outputJSON":false,"buffer":true,"appLogName":"egg-example-web.log","coreLogName":"egg-web.log","agentLogName":"egg-agent.log","errorLogName":"common-error.log","coreLogger":{"consoleLevel":"WARN"},"allowDebugAtProd":false,"type":"application"}
2020-09-03 17:55:08,587 INFO 28173 [egg-multipart] stream mode enable
2020-09-03 17:55:08,707 INFO 28173 [egg-static] starting static serve /public/ -> /Users/yhh/practice/egg-example/app/public
2020-09-03 17:55:08,710 INFO 28173 [egg-security] use methodnoallow middleware
2020-09-03 17:55:08,711 INFO 28173 [egg-security] use noopen middleware
2020-09-03 17:55:08,713 INFO 28173 [egg-security] use nosniff middleware
2020-09-03 17:55:08,713 INFO 28173 [egg-security] use xssProtection middleware
2020-09-03 17:55:08,715 INFO 28173 [egg-security] use xframe middleware
2020-09-03 17:55:08,717 INFO 28173 [egg-security] use dta middleware
2020-09-03 17:55:08,717 INFO 28173 [egg-security] compose 6 middlewares into one security middleware
2020-09-03 17:55:08,741 INFO 28173 [egg:core] dump config after load, 7ms
2020-09-03 17:55:08,757 INFO 28173 [egg-watcher:application] watcher start success
2020-09-03 17:55:08,765 INFO 28173 [egg:core] dump config after ready, 5ms
2020-09-03 17:57:04,982 INFO 28275 [egg:logger] init all loggers with options: {"dir":"/Users/yhh/practice/egg-example/logs/egg-example","encoding":"utf8","env":"local","level":"INFO","consoleLevel":"INFO","disableConsoleAfterReady":false,"outputJSON":false,"buffer":true,"appLogName":"egg-example-web.log","coreLogName":"egg-web.log","agentLogName":"egg-agent.log","errorLogName":"common-error.log","coreLogger":{"consoleLevel":"WARN"},"allowDebugAtProd":false,"type":"application"}
2020-09-03 17:57:05,005 INFO 28275 [egg-multipart] stream mode enable
2020-09-03 17:57:05,095 INFO 28275 [egg-static] starting static serve /public/ -> /Users/yhh/practice/egg-example/app/public
2020-09-03 17:57:05,098 INFO 28275 [egg-security] use methodnoallow middleware
2020-09-03 17:57:05,099 INFO 28275 [egg-security] use noopen middleware
2020-09-03 17:57:05,100 INFO 28275 [egg-security] use nosniff middleware
2020-09-03 17:57:05,101 INFO 28275 [egg-security] use xssProtection middleware
2020-09-03 17:57:05,102 INFO 28275 [egg-security] use xframe middleware
2020-09-03 17:57:05,103 INFO 28275 [egg-security] use dta middleware
2020-09-03 17:57:05,103 INFO 28275 [egg-security] compose 6 middlewares into one security middleware
2020-09-03 17:57:05,119 INFO 28275 [egg:core] dump config after load, 4ms
2020-09-03 17:57:05,132 INFO 28275 [egg-watcher:application] watcher start success
2020-09-03 17:57:05,138 INFO 28275 [egg:core] dump config after ready, 5ms
2020-09-04 15:39:01,350 INFO 11164 [egg:logger] init all loggers with options: {"dir":"/Users/yhh/practice/egg-example/logs/egg-example","encoding":"utf8","env":"local","level":"INFO","consoleLevel":"INFO","disableConsoleAfterReady":false,"outputJSON":false,"buffer":true,"appLogName":"egg-example-web.log","coreLogName":"egg-web.log","agentLogName":"egg-agent.log","errorLogName":"common-error.log","coreLogger":{"consoleLevel":"WARN"},"allowDebugAtProd":false,"type":"application"}
2020-09-04 15:39:01,375 INFO 11164 [egg-multipart] stream mode enable
2020-09-04 15:39:01,750 INFO 11164 [egg-static] starting static serve /public/ -> /Users/yhh/practice/egg-example/app/public
2020-09-04 15:39:01,752 INFO 11164 [egg-security] use methodnoallow middleware
2020-09-04 15:39:01,752 INFO 11164 [egg-security] use noopen middleware
2020-09-04 15:39:01,753 INFO 11164 [egg-security] use nosniff middleware
2020-09-04 15:39:01,754 INFO 11164 [egg-security] use xssProtection middleware
2020-09-04 15:39:01,754 INFO 11164 [egg-security] use xframe middleware
2020-09-04 15:39:01,755 INFO 11164 [egg-security] use dta middleware
2020-09-04 15:39:01,755 INFO 11164 [egg-security] compose 6 middlewares into one security middleware
2020-09-04 15:39:01,778 INFO 11164 [egg:core] dump config after load, 9ms
2020-09-04 15:39:01,825 INFO 11164 [egg-watcher:application] watcher start success
2020-09-04 15:39:01,854 INFO 11164 [egg:core] dump config after ready, 7ms
2020-09-04 15:42:24,024 INFO 11253 [egg:logger] init all loggers with options: {"dir":"/Users/yhh/practice/egg-example/logs/egg-example","encoding":"utf8","env":"local","level":"INFO","consoleLevel":"INFO","disableConsoleAfterReady":false,"outputJSON":false,"buffer":true,"appLogName":"egg-example-web.log","coreLogName":"egg-web.log","agentLogName":"egg-agent.log","errorLogName":"common-error.log","coreLogger":{"consoleLevel":"WARN"},"allowDebugAtProd":false,"type":"application"}
2020-09-04 15:42:24,056 INFO 11253 [egg-multipart] stream mode enable
2020-09-04 15:42:24,822 INFO 11253 [egg-static] starting static serve /public/ -> /Users/yhh/practice/egg-example/app/public
2020-09-04 15:42:24,824 INFO 11253 [egg-security] use methodnoallow middleware
2020-09-04 15:42:24,825 INFO 11253 [egg-security] use noopen middleware
2020-09-04 15:42:24,826 INFO 11253 [egg-security] use nosniff middleware
2020-09-04 15:42:24,827 INFO 11253 [egg-security] use xssProtection middleware
2020-09-04 15:42:24,828 INFO 11253 [egg-security] use xframe middleware
2020-09-04 15:42:24,829 INFO 11253 [egg-security] use dta middleware
2020-09-04 15:42:24,829 INFO 11253 [egg-security] compose 6 middlewares into one security middleware
2020-09-04 15:42:24,861 INFO 11253 [egg:core] dump config after load, 11ms
2020-09-04 15:42:24,951 INFO 11253 [egg-watcher:application] watcher start success
2020-09-04 15:42:24,979 INFO 11253 [egg:core] dump config after ready, 5ms
2020-09-04 15:43:38,841 INFO 11309 [egg:logger] init all loggers with options: {"dir":"/Users/yhh/practice/egg-example/logs/egg-example","encoding":"utf8","env":"local","level":"INFO","consoleLevel":"INFO","disableConsoleAfterReady":false,"outputJSON":false,"buffer":true,"appLogName":"egg-example-web.log","coreLogName":"egg-web.log","agentLogName":"egg-agent.log","errorLogName":"common-error.log","coreLogger":{"consoleLevel":"WARN"},"allowDebugAtProd":false,"type":"application"}
2020-09-04 15:43:38,872 INFO 11309 [egg-multipart] stream mode enable
2020-09-04 15:43:39,222 INFO 11309 [egg-static] starting static serve /public/ -> /Users/yhh/practice/egg-example/app/public
2020-09-04 15:43:39,225 INFO 11309 [egg-security] use methodnoallow middleware
2020-09-04 15:43:39,226 INFO 11309 [egg-security] use noopen middleware
2020-09-04 15:43:39,228 INFO 11309 [egg-security] use nosniff middleware
2020-09-04 15:43:39,229 INFO 11309 [egg-security] use xssProtection middleware
2020-09-04 15:43:39,230 INFO 11309 [egg-security] use xframe middleware
2020-09-04 15:43:39,231 INFO 11309 [egg-security] use dta middleware
2020-09-04 15:43:39,231 INFO 11309 [egg-security] compose 6 middlewares into one security middleware
2020-09-04 15:43:39,254 INFO 11309 [egg:core] dump config after load, 8ms
2020-09-04 15:43:39,301 INFO 11309 [egg-watcher:application] watcher start success
2020-09-04 15:43:39,347 INFO 11309 [egg:core] dump config after ready, 12ms
